2024-11-30 10:11:44 INFO  com.dhfr.contohretry.RetryWithBackoffNoJitter - Attempt 1: Trying operation...
2024-11-30 10:11:44 INFO  com.dhfr.contohretry.RetryWithBackoffNoJitter - Operation succeeded!
2024-11-30 10:12:21 INFO  com.dhfr.contohretry.RetryWithBackoffNoJitter - Attempt 1: Trying operation...
2024-11-30 10:12:21 INFO  com.dhfr.contohretry.RetryWithBackoffNoJitter - Operation succeeded!
2024-11-30 10:12:32 INFO  com.dhfr.contohretry.RetryWithBackoffNoJitter - Attempt 1: Trying operation...
2024-11-30 10:12:32 ERROR com.dhfr.contohretry.RetryWithBackoffNoJitter - Operation failed on attempt 1: Simulated failure
2024-11-30 10:12:32 INFO  com.dhfr.contohretry.RetryWithBackoffNoJitter - Waiting for 100 ms before retrying...
2024-11-30 10:12:32 INFO  com.dhfr.contohretry.RetryWithBackoffNoJitter - Attempt 2: Trying operation...
2024-11-30 10:12:32 ERROR com.dhfr.contohretry.RetryWithBackoffNoJitter - Operation failed on attempt 2: Simulated failure
2024-11-30 10:12:32 INFO  com.dhfr.contohretry.RetryWithBackoffNoJitter - Waiting for 200 ms before retrying...
2024-11-30 10:12:33 INFO  com.dhfr.contohretry.RetryWithBackoffNoJitter - Attempt 3: Trying operation...
2024-11-30 10:12:33 ERROR com.dhfr.contohretry.RetryWithBackoffNoJitter - Operation failed on attempt 3: Simulated failure
2024-11-30 10:12:33 INFO  com.dhfr.contohretry.RetryWithBackoffNoJitter - Waiting for 400 ms before retrying...
2024-11-30 10:12:33 INFO  com.dhfr.contohretry.RetryWithBackoffNoJitter - Attempt 4: Trying operation...
2024-11-30 10:12:33 ERROR com.dhfr.contohretry.RetryWithBackoffNoJitter - Operation failed on attempt 4: Simulated failure
2024-11-30 10:12:33 INFO  com.dhfr.contohretry.RetryWithBackoffNoJitter - Waiting for 800 ms before retrying...
2024-11-30 10:12:34 INFO  com.dhfr.contohretry.RetryWithBackoffNoJitter - Attempt 5: Trying operation...
2024-11-30 10:12:34 ERROR com.dhfr.contohretry.RetryWithBackoffNoJitter - Operation failed on attempt 5: Simulated failure
2024-11-30 10:12:34 ERROR com.dhfr.contohretry.RetryWithBackoffNoJitter - Max retries reached. Operation permanently failed.
2024-11-30 10:29:17 INFO  com.dhfr.contohretry.RetryWithBackoffNoJitter - Attempt 1: Trying operation...
2024-11-30 10:29:17 INFO  com.dhfr.contohretry.RetryWithBackoffNoJitter - Do some thing
2024-11-30 10:29:17 ERROR com.dhfr.contohretry.RetryWithBackoffNoJitter - Operation failed on attempt 1: Simulated failure
2024-11-30 10:29:17 INFO  com.dhfr.contohretry.RetryWithBackoffNoJitter - Waiting for 100 ms before retrying...
2024-11-30 10:29:17 INFO  com.dhfr.contohretry.RetryWithBackoffNoJitter - Attempt 2: Trying operation...
2024-11-30 10:29:17 INFO  com.dhfr.contohretry.RetryWithBackoffNoJitter - Operation succeeded!
2024-11-30 10:47:51 INFO  com.dhfr.contohretry.RetryWithBackoffAndJitter - Attempt 1: Trying operation...
2024-11-30 10:47:51 INFO  com.dhfr.contohretry.RetryWithBackoffAndJitter - Operation succeeded!
2024-11-30 10:48:05 INFO  com.dhfr.contohretry.RetryWithBackoffAndJitter - Attempt 1: Trying operation...
2024-11-30 10:48:05 ERROR com.dhfr.contohretry.RetryWithBackoffAndJitter - Operation failed on attempt 1: Simulated failure
2024-11-30 10:48:05 INFO  com.dhfr.contohretry.RetryWithBackoffAndJitter - Waiting for 92 ms (including jitter) before retrying...
2024-11-30 10:48:05 INFO  com.dhfr.contohretry.RetryWithBackoffAndJitter - Attempt 2: Trying operation...
2024-11-30 10:48:05 ERROR com.dhfr.contohretry.RetryWithBackoffAndJitter - Operation failed on attempt 2: Simulated failure
2024-11-30 10:48:05 INFO  com.dhfr.contohretry.RetryWithBackoffAndJitter - Waiting for 246 ms (including jitter) before retrying...
2024-11-30 10:48:06 INFO  com.dhfr.contohretry.RetryWithBackoffAndJitter - Attempt 3: Trying operation...
2024-11-30 10:48:06 ERROR com.dhfr.contohretry.RetryWithBackoffAndJitter - Operation failed on attempt 3: Simulated failure
2024-11-30 10:48:06 INFO  com.dhfr.contohretry.RetryWithBackoffAndJitter - Waiting for 418 ms (including jitter) before retrying...
2024-11-30 10:48:06 INFO  com.dhfr.contohretry.RetryWithBackoffAndJitter - Attempt 4: Trying operation...
2024-11-30 10:48:06 ERROR com.dhfr.contohretry.RetryWithBackoffAndJitter - Operation failed on attempt 4: Simulated failure
2024-11-30 10:48:06 INFO  com.dhfr.contohretry.RetryWithBackoffAndJitter - Waiting for 799 ms (including jitter) before retrying...
2024-11-30 10:48:07 INFO  com.dhfr.contohretry.RetryWithBackoffAndJitter - Attempt 5: Trying operation...
2024-11-30 10:48:07 ERROR com.dhfr.contohretry.RetryWithBackoffAndJitter - Operation failed on attempt 5: Simulated failure
2024-11-30 10:48:07 ERROR com.dhfr.contohretry.RetryWithBackoffAndJitter - Max retries reached. Operation permanently failed.
2024-11-30 10:48:31 INFO  com.dhfr.contohretry.RetryWithBackoffAndJitter - Attempt 1: Trying operation...
2024-11-30 10:48:31 INFO  com.dhfr.contohretry.RetryWithBackoffAndJitter - Do some thing
2024-11-30 10:48:31 ERROR com.dhfr.contohretry.RetryWithBackoffAndJitter - Operation failed on attempt 1: Simulated failure
2024-11-30 10:48:31 INFO  com.dhfr.contohretry.RetryWithBackoffAndJitter - Waiting for 67 ms (including jitter) before retrying...
2024-11-30 10:48:31 INFO  com.dhfr.contohretry.RetryWithBackoffAndJitter - Attempt 2: Trying operation...
2024-11-30 10:48:31 INFO  com.dhfr.contohretry.RetryWithBackoffAndJitter - Do some thing
2024-11-30 10:48:31 ERROR com.dhfr.contohretry.RetryWithBackoffAndJitter - Operation failed on attempt 2: Simulated failure
2024-11-30 10:48:31 INFO  com.dhfr.contohretry.RetryWithBackoffAndJitter - Waiting for 208 ms (including jitter) before retrying...
2024-11-30 10:48:32 INFO  com.dhfr.contohretry.RetryWithBackoffAndJitter - Attempt 3: Trying operation...
2024-11-30 10:48:32 INFO  com.dhfr.contohretry.RetryWithBackoffAndJitter - Do some thing
2024-11-30 10:48:32 ERROR com.dhfr.contohretry.RetryWithBackoffAndJitter - Operation failed on attempt 3: Simulated failure
2024-11-30 10:48:32 INFO  com.dhfr.contohretry.RetryWithBackoffAndJitter - Waiting for 389 ms (including jitter) before retrying...
2024-11-30 10:48:32 INFO  com.dhfr.contohretry.RetryWithBackoffAndJitter - Attempt 4: Trying operation...
2024-11-30 10:48:32 INFO  com.dhfr.contohretry.RetryWithBackoffAndJitter - Operation succeeded!
2024-11-30 10:51:55 INFO  com.dhfr.contohretry.RetryWithBackoffAndJitter - Attempt 1: Trying operation...
2024-11-30 10:51:55 INFO  com.dhfr.contohretry.RetryWithBackoffAndJitter - Do some thing
2024-11-30 10:51:55 ERROR com.dhfr.contohretry.RetryWithBackoffAndJitter - Operation failed on attempt 1: Simulated failure
2024-11-30 10:51:55 INFO  com.dhfr.contohretry.RetryWithBackoffAndJitter - Waiting for 126 ms (including jitter) before retrying...
2024-11-30 10:51:55 INFO  com.dhfr.contohretry.RetryWithBackoffAndJitter - Attempt 2: Trying operation...
2024-11-30 10:51:55 INFO  com.dhfr.contohretry.RetryWithBackoffAndJitter - Do some thing
2024-11-30 10:51:55 ERROR com.dhfr.contohretry.RetryWithBackoffAndJitter - Operation failed on attempt 2: Simulated failure
2024-11-30 10:51:55 INFO  com.dhfr.contohretry.RetryWithBackoffAndJitter - Waiting for 223 ms (including jitter) before retrying...
2024-11-30 10:51:55 INFO  com.dhfr.contohretry.RetryWithBackoffAndJitter - Attempt 3: Trying operation...
2024-11-30 10:51:55 INFO  com.dhfr.contohretry.RetryWithBackoffAndJitter - Do some thing
2024-11-30 10:51:55 ERROR com.dhfr.contohretry.RetryWithBackoffAndJitter - Operation failed on attempt 3: Simulated failure
2024-11-30 10:51:55 INFO  com.dhfr.contohretry.RetryWithBackoffAndJitter - Waiting for 435 ms (including jitter) before retrying...
2024-11-30 10:51:56 INFO  com.dhfr.contohretry.RetryWithBackoffAndJitter - Attempt 4: Trying operation...
2024-11-30 10:51:56 INFO  com.dhfr.contohretry.RetryWithBackoffAndJitter - Do some thing
2024-11-30 10:51:56 ERROR com.dhfr.contohretry.RetryWithBackoffAndJitter - Operation failed on attempt 4: Simulated failure
2024-11-30 10:51:56 INFO  com.dhfr.contohretry.RetryWithBackoffAndJitter - Waiting for 801 ms (including jitter) before retrying...
2024-11-30 10:51:57 INFO  com.dhfr.contohretry.RetryWithBackoffAndJitter - Attempt 5: Trying operation...
2024-11-30 10:51:57 INFO  com.dhfr.contohretry.RetryWithBackoffAndJitter - Do some thing
2024-11-30 10:51:57 ERROR com.dhfr.contohretry.RetryWithBackoffAndJitter - Operation failed on attempt 5: Simulated failure
2024-11-30 10:51:57 ERROR com.dhfr.contohretry.RetryWithBackoffAndJitter - Max retries reached. Operation permanently failed.
2024-11-30 10:52:31 INFO  com.dhfr.contohretry.RetryWithBackoffAndJitter - Attempt 1: Trying operation...
2024-11-30 10:52:31 INFO  com.dhfr.contohretry.RetryWithBackoffAndJitter - Do some thing
2024-11-30 10:52:31 ERROR com.dhfr.contohretry.RetryWithBackoffAndJitter - Operation failed on attempt 1: Simulated failure
2024-11-30 10:52:31 INFO  com.dhfr.contohretry.RetryWithBackoffAndJitter - Waiting for 149 ms (including jitter) before retrying...
2024-11-30 10:52:31 INFO  com.dhfr.contohretry.RetryWithBackoffAndJitter - Attempt 2: Trying operation...
2024-11-30 10:52:31 INFO  com.dhfr.contohretry.RetryWithBackoffAndJitter - Do some thing
2024-11-30 10:52:31 ERROR com.dhfr.contohretry.RetryWithBackoffAndJitter - Operation failed on attempt 2: Simulated failure
2024-11-30 10:52:31 INFO  com.dhfr.contohretry.RetryWithBackoffAndJitter - Waiting for 218 ms (including jitter) before retrying...
2024-11-30 10:52:32 INFO  com.dhfr.contohretry.RetryWithBackoffAndJitter - Attempt 3: Trying operation...
2024-11-30 10:52:32 INFO  com.dhfr.contohretry.RetryWithBackoffAndJitter - Operation succeeded!
2024-11-30 10:52:47 INFO  com.dhfr.contohretry.RetryWithBackoffAndJitter - Attempt 1: Trying operation...
2024-11-30 10:52:47 INFO  com.dhfr.contohretry.RetryWithBackoffAndJitter - Do some thing
2024-11-30 10:52:47 ERROR com.dhfr.contohretry.RetryWithBackoffAndJitter - Operation failed on attempt 1: Simulated failure
2024-11-30 10:52:47 INFO  com.dhfr.contohretry.RetryWithBackoffAndJitter - Waiting for 113 ms (including jitter) before retrying...
2024-11-30 10:52:48 INFO  com.dhfr.contohretry.RetryWithBackoffAndJitter - Attempt 2: Trying operation...
2024-11-30 10:52:48 INFO  com.dhfr.contohretry.RetryWithBackoffAndJitter - Do some thing
2024-11-30 10:52:48 ERROR com.dhfr.contohretry.RetryWithBackoffAndJitter - Operation failed on attempt 2: Simulated failure
2024-11-30 10:52:48 INFO  com.dhfr.contohretry.RetryWithBackoffAndJitter - Waiting for 176 ms (including jitter) before retrying...
2024-11-30 10:52:48 INFO  com.dhfr.contohretry.RetryWithBackoffAndJitter - Attempt 3: Trying operation...
2024-11-30 10:52:48 INFO  com.dhfr.contohretry.RetryWithBackoffAndJitter - Do some thing
2024-11-30 10:52:48 ERROR com.dhfr.contohretry.RetryWithBackoffAndJitter - Operation failed on attempt 3: Simulated failure
2024-11-30 10:52:48 INFO  com.dhfr.contohretry.RetryWithBackoffAndJitter - Waiting for 356 ms (including jitter) before retrying...
2024-11-30 10:52:48 INFO  com.dhfr.contohretry.RetryWithBackoffAndJitter - Attempt 4: Trying operation...
2024-11-30 10:52:48 INFO  com.dhfr.contohretry.RetryWithBackoffAndJitter - Do some thing
2024-11-30 10:52:48 ERROR com.dhfr.contohretry.RetryWithBackoffAndJitter - Operation failed on attempt 4: Simulated failure
2024-11-30 10:52:48 INFO  com.dhfr.contohretry.RetryWithBackoffAndJitter - Waiting for 762 ms (including jitter) before retrying...
2024-11-30 10:52:49 INFO  com.dhfr.contohretry.RetryWithBackoffAndJitter - Attempt 5: Trying operation...
2024-11-30 10:52:49 INFO  com.dhfr.contohretry.RetryWithBackoffAndJitter - Do some thing
2024-11-30 10:52:49 ERROR com.dhfr.contohretry.RetryWithBackoffAndJitter - Operation failed on attempt 5: Simulated failure
2024-11-30 10:52:49 INFO  com.dhfr.contohretry.RetryWithBackoffAndJitter - Waiting for 1569 ms (including jitter) before retrying...
2024-11-30 10:52:50 INFO  com.dhfr.contohretry.RetryWithBackoffAndJitter - Attempt 6: Trying operation...
2024-11-30 10:52:50 INFO  com.dhfr.contohretry.RetryWithBackoffAndJitter - Do some thing
2024-11-30 10:52:50 ERROR com.dhfr.contohretry.RetryWithBackoffAndJitter - Operation failed on attempt 6: Simulated failure
2024-11-30 10:52:50 INFO  com.dhfr.contohretry.RetryWithBackoffAndJitter - Waiting for 3210 ms (including jitter) before retrying...
2024-11-30 10:52:54 INFO  com.dhfr.contohretry.RetryWithBackoffAndJitter - Attempt 7: Trying operation...
2024-11-30 10:52:54 INFO  com.dhfr.contohretry.RetryWithBackoffAndJitter - Do some thing
2024-11-30 10:52:54 ERROR com.dhfr.contohretry.RetryWithBackoffAndJitter - Operation failed on attempt 7: Simulated failure
2024-11-30 10:52:54 INFO  com.dhfr.contohretry.RetryWithBackoffAndJitter - Waiting for 6426 ms (including jitter) before retrying...
2024-11-30 10:53:00 INFO  com.dhfr.contohretry.RetryWithBackoffAndJitter - Attempt 8: Trying operation...
2024-11-30 10:53:00 INFO  com.dhfr.contohretry.RetryWithBackoffAndJitter - Do some thing
2024-11-30 10:53:00 ERROR com.dhfr.contohretry.RetryWithBackoffAndJitter - Operation failed on attempt 8: Simulated failure
2024-11-30 10:53:00 INFO  com.dhfr.contohretry.RetryWithBackoffAndJitter - Waiting for 12843 ms (including jitter) before retrying...
